<?xml version="1.0" encoding="UTF-8"?>
<testng-results ignored="0" total="1" passed="1" failed="0" skipped="0">
  <reporter-output>
  </reporter-output>
  <suite started-at="2026-06-23T20:49:27 PST" name="Surefire suite" finished-at="2026-06-23T20:49:37 PST" duration-ms="10454">
    <groups>
    </groups>
    <test started-at="2026-06-23T20:49:27 PST" name="Surefire test" finished-at="2026-06-23T20:49:37 PST" duration-ms="10454">
      <class name="tests.LoginTest">
        <test-method is-config="true" signature="setup()[pri:0, instance:tests.LoginTest@6f96c77]" started-at="2026-06-23T20:49:27 PST" name="setup" finished-at="2026-06-23T20:49:37 PST" duration-ms="9766" status="PASS">
          <reporter-output>
          </reporter-output>
        </test-method> <!-- setup -->
        <test-method signature="connectToApp()[pri:0, instance:tests.LoginTest@6f96c77]" started-at="2026-06-23T20:49:37 PST" name="connectToApp" finished-at="2026-06-23T20:49:37 PST" duration-ms="7" status="PASS">
          <reporter-output>
          </reporter-output>
        </test-method> <!-- connectToApp -->
        <test-method is-config="true" signature="tearDown()[pri:0, instance:tests.LoginTest@6f96c77]" started-at="2026-06-23T20:49:37 PST" name="tearDown" finished-at="2026-06-23T20:49:37 PST" duration-ms="617" status="PASS">
          <reporter-output>
          </reporter-output>
        </test-method> <!-- tearDown -->
      </class> <!-- tests.LoginTest -->
    </test> <!-- Surefire test -->
  </suite> <!-- Surefire suite -->
</testng-results>
